<?xml version="1.0" encoding="UTF-8"?>
<testng-results ignored="0" total="1" passed="1" failed="0" skipped="0">
  <reporter-output>
  </reporter-output>
  <suite started-at="2020-10-20T10:11:14 IST" name="Default suite" finished-at="2020-10-20T10:11:14 IST" duration-ms="81">
    <groups>
    </groups>
    <test started-at="2020-10-20T10:11:14 IST" name="Default test" finished-at="2020-10-20T10:11:14 IST" duration-ms="81">
      <class name="snippet.SnippetTest">
        <test-method signature="cmdTest()[pri:0, instance:snippet.SnippetTest@3571b748]" started-at="2020-10-20T10:11:14 IST" name="cmdTest" finished-at="2020-10-20T10:11:14 IST" duration-ms="12" status="PASS">
          <reporter-output>
          </reporter-output>
        </test-method> <!-- cmdTest -->
      </class> <!-- snippet.SnippetTest -->
    </test> <!-- Default test -->
  </suite> <!-- Default suite -->
</testng-results>
